In file included from ../ext/bson.h:17:0,
                 from ../ext/bson.cc:35:
../node_modules/nan/nan.h:403:10: error: ‘node::smalloc’ has not been declared
../node_modules/nan/nan.h:403:10: error: expected ‘,’ or ‘...’ before ‘callback’
../node_modules/nan/nan.h: In function ‘v8::Local<v8::Object> NanNewBufferHandle(char*, size_t, int)’:
../node_modules/nan/nan.h:409:44: error: ‘callback’ was not declared in this scope
../node_modules/nan/nan.h:409:54: error: ‘hint’ was not declared in this scope
../node_modules/nan/nan.h: In function ‘v8::Local<v8::Object> NanBufferUse(char*, uint32_t)’:
../node_modules/nan/nan.h:427:12: error: ‘Use’ is not a member of ‘node::Buffer’
In file included from ../ext/bson.cc:35:0:
../ext/bson.h: At global scope:
../ext/bson.h:57:16: error: ‘FunctionCallbackInfo’ in namespace ‘v8’ does not name a type
../ext/bson.h:57:16: error: ISO C++ forbids declaration of ‘parameter’ with no type [-fpermissive]
../ext/bson.h:57:16: error: expected ‘,’ or ‘...’ before ‘<’ token
../ext/bson.h:60:9: error: ‘FunctionCallbackInfo’ in namespace ‘v8’ does not name a type
../ext/bson.h:60:9: error: ISO C++ forbids declaration of ‘parameter’ with no type [-fpermissive]
../ext/bson.h:60:9: error: expected ‘,’ or ‘...’ before ‘<’ token
../ext/bson.h:61:9: error: ‘FunctionCallbackInfo’ in namespace ‘v8’ does not name a type
../ext/bson.h:61:9: error: ISO C++ forbids declaration of ‘parameter’ with no type [-fpermissive]
../ext/bson.h:61:9: error: expected ‘,’ or ‘...’ before ‘<’ token
../ext/bson.h:64:9: error: ‘FunctionCallbackInfo’ in namespace ‘v8’ does not name a type
../ext/bson.h:64:9: error: ISO C++ forbids declaration of ‘parameter’ with no type [-fpermissive]
../ext/bson.h:64:9: error: expected ‘,’ or ‘...’ before ‘<’ token
../ext/bson.h:65:9: error: ‘FunctionCallbackInfo’ in namespace ‘v8’ does not name a type
../ext/bson.h:65:9: error: ISO C++ forbids declaration of ‘parameter’ with no type [-fpermissive]
../ext/bson.h:65:9: error: expected ‘,’ or ‘...’ before ‘<’ token
../ext/bson.h:71:9: error: ‘FunctionCallbackInfo’ in namespace ‘v8’ does not name a type
../ext/bson.h:71:9: error: ISO C++ forbids declaration of ‘parameter’ with no type [-fpermissive]
../ext/bson.h:71:9: error: expected ‘,’ or ‘...’ before ‘<’ token
../ext/bson.cc: In static member function ‘static void BSON::Initialize(v8::Handle<v8::Object>)’:
../ext/bson.cc:639:55: error: invalid conversion from ‘void (*)(int)’ to ‘v8::InvocationCallback {aka v8::Handle<v8::Value> (*)(const v8::Arguments&)}’ [-fpermissive]
/root/.node-gyp/0.11.2/deps/v8/include/v8.h:2957:34: error:   initializing argument 1 of ‘static v8::Local<v8::FunctionTemplate> v8::FunctionTemplate::New(v8::InvocationCallback, v8::Handle<v8::Value>, v8::Handle<v8::Signature>, int)’ [-fpermissive]
../ext/bson.cc:644:73: error: no matching function for call to ‘SetPrototypeMethod(v8::Local<v8::FunctionTemplate>&, const char [20], void (&)(int))’
../ext/bson.cc:644:73: note: candidate is:
/root/.node-gyp/0.11.2/src/node.h:122:6: note: template<class target_t> void node::SetPrototypeMethod(target_t, const char*, v8::InvocationCallback)
../ext/bson.cc:645:57: error: no matching function for call to ‘SetPrototypeMethod(v8::Local<v8::FunctionTemplate>&, const char [10], void (&)(int))’
../ext/bson.cc:645:57: note: candidate is:
/root/.node-gyp/0.11.2/src/node.h:122:6: note: template<class target_t> void node::SetPrototypeMethod(target_t, const char*, v8::InvocationCallback)
../ext/bson.cc:646:89: error: no matching function for call to ‘SetPrototypeMethod(v8::Local<v8::FunctionTemplate>&, const char [28], void (&)(int))’
../ext/bson.cc:646:89: note: candidate is:
/root/.node-gyp/0.11.2/src/node.h:122:6: note: template<class target_t> void node::SetPrototypeMethod(target_t, const char*, v8::InvocationCallback)
../ext/bson.cc:647:61: error: no matching function for call to ‘SetPrototypeMethod(v8::Local<v8::FunctionTemplate>&, const char [12], void (&)(int))’
../ext/bson.cc:647:61: note: candidate is:
/root/.node-gyp/0.11.2/src/node.h:122:6: note: template<class target_t> void node::SetPrototypeMethod(target_t, const char*, v8::InvocationCallback)
../ext/bson.cc:648:73: error: no matching function for call to ‘SetPrototypeMethod(v8::Local<v8::FunctionTemplate>&, const char [18], void (&)(int))’
../ext/bson.cc:648:73: note: candidate is:
/root/.node-gyp/0.11.2/src/node.h:122:6: note: template<class target_t> void node::SetPrototypeMethod(target_t, const char*, v8::InvocationCallback)
../ext/bson.cc: At global scope:
../ext/bson.cc:656:1: error: ‘FunctionCallbackInfo’ in namespace ‘v8’ does not name a type
../ext/bson.cc:656:1: error: ISO C++ forbids declaration of ‘parameter’ with no type [-fpermissive]
../ext/bson.cc:656:1: error: expected ‘,’ or ‘...’ before ‘<’ token
../ext/bson.cc: In static member function ‘static void BSON::New(int)’:
../ext/bson.cc:661:5: error: ‘args’ was not declared in this scope
../ext/bson.cc:719:5: error: return-statement with a value, in function returning 'void' [-fpermissive]
../ext/bson.cc: At global scope:
../ext/bson.cc:738:1: error: ‘FunctionCallbackInfo’ in namespace ‘v8’ does not name a type
../ext/bson.cc:738:1: error: ISO C++ forbids declaration of ‘parameter’ with no type [-fpermissive]
../ext/bson.cc:738:1: error: expected ‘,’ or ‘...’ before ‘<’ token
../ext/bson.cc: In static member function ‘static void BSON::BSONDeserialize(int)’:
../ext/bson.cc:743:5: error: ‘args’ was not declared in this scope
../ext/bson.cc:750:5: error: ‘args’ was not declared in this scope
../ext/bson.cc:759:22: error: ‘args’ was not declared in this scope
../ext/bson.cc:783:4: error: return-statement with a value, in function returning 'void' [-fpermissive]
../ext/bson.cc:811:4: error: return-statement with a value, in function returning 'void' [-fpermissive]
../ext/bson.cc: At global scope:
../ext/bson.cc:842:1: error: ‘FunctionCallbackInfo’ in namespace ‘v8’ does not name a type
../ext/bson.cc:842:1: error: ISO C++ forbids declaration of ‘parameter’ with no type [-fpermissive]
../ext/bson.cc:842:1: error: expected ‘,’ or ‘...’ before ‘<’ token
../ext/bson.cc: In static member function ‘static void BSON::BSONSerialize(int)’:
../ext/bson.cc:846:5: error: ‘args’ was not declared in this scope
../ext/bson.cc:847:5: error: ‘args’ was not declared in this scope
../ext/bson.cc:848:5: error: ‘args’ was not declared in this scope
../ext/bson.cc:849:5: error: ‘args’ was not declared in this scope
../ext/bson.cc:850:5: error: ‘args’ was not declared in this scope
../ext/bson.cc:853:5: error: ‘args’ was not declared in this scope
../ext/bson.cc:856:40: error: ‘args’ was not declared in this scope
../ext/bson.cc:893:3: error: return-statement with a value, in function returning 'void' [-fpermissive]
../ext/bson.cc:899:3: error: return-statement with a value, in function returning 'void' [-fpermissive]
../ext/bson.cc: At global scope:
../ext/bson.cc:903:1: error: ‘FunctionCallbackInfo’ in namespace ‘v8’ does not name a type
../ext/bson.cc:903:1: error: ISO C++ forbids declaration of ‘parameter’ with no type [-fpermissive]
../ext/bson.cc:903:1: error: expected ‘,’ or ‘...’ before ‘<’ token
../ext/bson.cc: In static member function ‘static void BSON::CalculateObjectSize(int)’:
../ext/bson.cc:907:5: error: ‘args’ was not declared in this scope
../ext/bson.cc:908:5: error: ‘args’ was not declared in this scope
../ext/bson.cc:909:5: error: ‘args’ was not declared in this scope
../ext/bson.cc:912:40: error: ‘args’ was not declared in this scope
../ext/bson.cc:918:2: error: return-statement with a value, in function returning 'void' [-fpermissive]
../ext/bson.cc: At global scope:
../ext/bson.cc:921:1: error: ‘FunctionCallbackInfo’ in namespace ‘v8’ does not name a type
../ext/bson.cc:921:1: error: ISO C++ forbids declaration of ‘parameter’ with no type [-fpermissive]
../ext/bson.cc:921:1: error: expected ‘,’ or ‘...’ before ‘<’ token
../ext/bson.cc: In static member function ‘static void BSON::SerializeWithBufferAndIndex(int)’:
../ext/bson.cc:927:5: error: ‘args’ was not declared in this scope
../ext/bson.cc:928:5: error: ‘args’ was not declared in this scope
../ext/bson.cc:929:5: error: ‘args’ was not declared in this scope
../ext/bson.cc:936:41: error: ‘args’ was not declared in this scope
../ext/bson.cc:959:2: error: ‘args’ was not declared in this scope
../ext/bson.cc:959:2: error: return-statement with a value, in function returning 'void' [-fpermissive]
../ext/bson.cc: At global scope:
../ext/bson.cc:962:1: error: ‘FunctionCallbackInfo’ in namespace ‘v8’ does not name a type
../ext/bson.cc:962:1: error: ISO C++ forbids declaration of ‘parameter’ with no type [-fpermissive]
../ext/bson.cc:962:1: error: expected ‘,’ or ‘...’ before ‘<’ token
../ext/bson.cc: In static member function ‘static void BSON::BSONDeserializeStream(int)’:
../ext/bson.cc:967:5: error: ‘args’ was not declared in this scope
../ext/bson.cc:970:5: error: ‘args’ was not declared in this scope
../ext/bson.cc:980:5: error: ‘args’ was not declared in this scope
../ext/bson.cc:983:22: error: ‘args’ was not declared in this scope
../ext/bson.cc:1031:2: error: return-statement with a value, in function returning 'void' [-fpermissive]
In file included from ../ext/bson.cc:14:0:
/root/.node-gyp/0.11.2/deps/v8/include/v8.h: In constructor ‘v8::Local<T>::Local(S*) [with S = node::Buffer, T = v8::Object]’:
../node_modules/nan/nan.h:416:40:   instantiated from here
/root/.node-gyp/0.11.2/deps/v8/include/v8.h:405:22: error: no matching function for call to ‘v8::Handle<v8::Object>::Handle(node::Buffer*&)’
/root/.node-gyp/0.11.2/deps/v8/include/v8.h:405:22: note: candidates are:
/root/.node-gyp/0.11.2/deps/v8/include/v8.h:266:22: note: template<class S> v8::Handle::Handle(v8::Handle<S>)
/root/.node-gyp/0.11.2/deps/v8/include/v8.h:253:3: note: v8::Handle<T>::Handle(T*) [with T = v8::Object]
/root/.node-gyp/0.11.2/deps/v8/include/v8.h:253:3: note:   no known conversion for argument 1 from ‘node::Buffer*’ to ‘v8::Object*’
/root/.node-gyp/0.11.2/deps/v8/include/v8.h:247:3: note: v8::Handle<T>::Handle() [with T = v8::Object]
/root/.node-gyp/0.11.2/deps/v8/include/v8.h:247:3: note:   candidate expects 0 arguments, 1 provided
/root/.node-gyp/0.11.2/deps/v8/include/v8.h:242:26: note: v8::Handle<v8::Object>::Handle(const v8::Handle<v8::Object>&)
/root/.node-gyp/0.11.2/deps/v8/include/v8.h:242:26: note:   no known conversion for argument 1 from ‘node::Buffer*’ to ‘const v8::Handle<v8::Object>&’
make: *** [Release/obj.target/bson/ext/bson.o] Error 1
gyp ERR! build error 
gyp ERR! stack Error: `make` failed with exit code: 2
gyp ERR! stack     at ChildProcess.onExit (/usr/local/lib/node_modules/npm/node_modules/node-gyp/lib/build.js:267:23)
gyp ERR! stack     at ChildProcess.EventEmitter.emit (events.js:100:17)
gyp ERR! stack     at Process.ChildProcess._handle.onexit (child_process.js:789:12)
gyp ERR! System Linux 3.15.4-x86_64-linode45
gyp ERR! command "node" "/usr/local/lib/node_modules/npm/node_modules/node-gyp/bin/node-gyp.js" "rebuild"
gyp ERR! cwd /root/oj/OnlineJudge/node_modules/monk/node_modules/mongoskin/node_modules/mongodb/node_modules/bson
gyp ERR! node -v v0.11.2
gyp ERR! node-gyp -v v0.9.5
gyp ERR! not ok 
